<?xml version="1.0" encoding="UTF-8"?>
<!-- Generated by org.testng.reporters.JUnitReportReporter -->
<testsuite hostname="MOV-Yazmin" failures="0" tests="7" name="tests.Tests_Search" time="142.890" errors="0" timestamp="2021-03-17T17:50:27 CST" skipped="0">
  <testcase classname="tests.Tests_Search" name="testContactUs" time="16.662"/>
  <system-out/>
  <testcase classname="tests.Tests_Search" name="testRemoveFromCart" time="37.307"/>
  <system-out/>
  <testcase classname="tests.Tests_Search" name="testValidSearch" time="14.022"/>
  <system-out/>
  <testcase classname="tests.Tests_Search" name="testAddMoreItemsToCart" time="19.894"/>
  <system-out/>
  <testcase classname="tests.Tests_Search" name="testSearchAndGo" time="16.939"/>
  <system-out/>
  <testcase classname="tests.Tests_Search" name="Test_Adding_Quantity" time="16.808"/>
  <system-out/>
  <testcase classname="tests.Tests_Search" name="testAddToCart" time="21.258"/>
  <system-out/>
</testsuite> <!-- tests.Tests_Search -->
